#! /c/Source/iverilog-install/bin/vvp
:ivl_version "12.0 (devel)" "(s20150603-1539-g2693dd32b)";
:ivl_delay_selection "TYPICAL";
:vpi_time_precision + 0;
:vpi_module "C:\iverilog\lib\ivl\system.vpi";
:vpi_module "C:\iverilog\lib\ivl\vhdl_sys.vpi";
:vpi_module "C:\iverilog\lib\ivl\vhdl_textio.vpi";
:vpi_module "C:\iverilog\lib\ivl\v2005_math.vpi";
:vpi_module "C:\iverilog\lib\ivl\va_math.vpi";
S_0000022969bde9e0 .scope module, "cpu" "cpu" 2 23;
 .timescale 0 0;
    .port_info 0 /OUTPUT 32 "PC";
    .port_info 1 /INPUT 32 "INSTRUCTION";
    .port_info 2 /INPUT 1 "CLK";
    .port_info 3 /INPUT 1 "RESET";
    .port_info 4 /INPUT 1 "BUSYWAIT";
    .port_info 5 /INPUT 8 "READDATA";
    .port_info 6 /OUTPUT 1 "WRITE";
    .port_info 7 /OUTPUT 1 "READ";
    .port_info 8 /OUTPUT 8 "WRITEDATA";
    .port_info 9 /OUTPUT 8 "ADDRESS";
L_0000022969b92760 .functor AND 1, v0000022969c4b160_0, L_0000022969c4bac0, C4<1>, C4<1>;
L_0000022969b92bc0 .functor BUFZ 8, L_0000022969b921b0, C4<00000000>, C4<00000000>, C4<00000000>;
L_0000022969b92220 .functor BUFZ 8, v0000022969be7fe0_0, C4<00000000>, C4<00000000>, C4<00000000>;
L_0000022969b92290 .functor BUFZ 8, L_0000022969b92a00, C4<00000000>, C4<00000000>, C4<00000000>;
L_0000022969b92b50 .functor BUFZ 8, v0000022969be6820_0, C4<00000000>, C4<00000000>, C4<00000000>;
L_0000022969b92c30 .functor AND 1, v0000022969c49f10_0, v0000022969be7400_0, C4<1>, C4<1>;
L_0000022969b92df0 .functor OR 1, v0000022969c48ed0_0, L_0000022969b92c30, C4<0>, C4<0>;
L_0000022969c982a0 .functor BUFZ 8, L_0000022969b921b0, C4<00000000>, C4<00000000>, C4<00000000>;
L_0000022969c984d0 .functor BUFZ 8, v0000022969be7220_0, C4<00000000>, C4<00000000>, C4<00000000>;
v0000022969c48bb0_0 .net "ADDRESS", 7 0, L_0000022969b92220;  1 drivers
v0000022969c498d0_0 .var "ALUOP", 2 0;
v0000022969c48cf0_0 .net "ALURESULT", 7 0, v0000022969be7fe0_0;  1 drivers
v0000022969c49f10_0 .var "BEQSELECT", 0 0;
o0000022969bf0d98 .functor BUFZ 1, C4<z>; HiZ drive
v0000022969c487f0_0 .net "BUSYWAIT", 0 0, o0000022969bf0d98;  0 drivers
o0000022969bf0588 .functor BUFZ 1, C4<z>; HiZ drive
v0000022969c491f0_0 .net "CLK", 0 0, o0000022969bf0588;  0 drivers
v0000022969c49010_0 .net "DATA1", 7 0, L_0000022969c982a0;  1 drivers
v0000022969c48c50_0 .net "DATA2", 7 0, L_0000022969c984d0;  1 drivers
v0000022969c49bf0_0 .net "DATAMEM_TO_REG", 7 0, v0000022969c482f0_0;  1 drivers
v0000022969c48930_0 .var "DATA_MEM_SELECT", 0 0;
v0000022969c49290_0 .net "IMMEDIATE", 7 0, L_0000022969c4b660;  1 drivers
v0000022969c49970_0 .net "IMMUXOUT", 7 0, v0000022969be7220_0;  1 drivers
v0000022969c48110_0 .var "IMSELECT", 0 0;
o0000022969bf0468 .functor BUFZ 32, C4<zzzzzzzzzzzzzzzzzzzzzzzzzzzzzzzz>; HiZ drive
v0000022969c49d30_0 .net "INSTRUCTION", 31 0, o0000022969bf0468;  0 drivers
v0000022969c48ed0_0 .var "JUMPSELECT", 0 0;
v0000022969c48430_0 .net "NEGMUXIN", 7 0, L_0000022969b92290;  1 drivers
v0000022969c48890_0 .net "NEGMUXOUT", 7 0, v0000022969be6820_0;  1 drivers
v0000022969c49a10_0 .var "NEGSELECT", 0 0;
v0000022969c48610_0 .net "OFFSET", 0 0, L_0000022969c4b520;  1 drivers
v0000022969c49830_0 .var "OPCODE", 7 0;
v0000022969c48f70_0 .var "PC", 31 0;
v0000022969c49150_0 .net "PCADDED", 31 0, v0000022969be6dc0_0;  1 drivers
v0000022969c48a70_0 .net "PCADDED_J_BEQ", 31 0, v0000022969be7a40_0;  1 drivers
v0000022969c490b0_0 .net "PCUPDATED", 31 0, v0000022969be7ea0_0;  1 drivers
v0000022969c49ab0_0 .var "READ", 0 0;
o0000022969bf0c18 .functor BUFZ 8, C4<zzzzzzzz>; HiZ drive
v0000022969c481b0_0 .net "READDATA", 7 0, o0000022969bf0c18;  0 drivers
v0000022969c484d0_0 .net "READREG1", 2 0, L_0000022969c4a6c0;  1 drivers
v0000022969c48570_0 .net "READREG2", 2 0, L_0000022969c4a580;  1 drivers
v0000022969c486b0_0 .net "REGOUT1", 7 0, L_0000022969b921b0;  1 drivers
v0000022969c49330_0 .net "REGOUT2", 7 0, L_0000022969b92a00;  1 drivers
v0000022969c49470_0 .net "REGVAL", 7 0, L_0000022969b92b50;  1 drivers
o0000022969bf06d8 .functor BUFZ 1, C4<z>; HiZ drive
v0000022969c4a1c0_0 .net "RESET", 0 0, o0000022969bf06d8;  0 drivers
v0000022969c4b020_0 .net "SE_OFFSET_SHIFTED", 31 0, v0000022969c49b50_0;  1 drivers
v0000022969c4b0c0_0 .net "S_EXTENDED_OFFSET", 31 0, v0000022969c495b0_0;  1 drivers
v0000022969c4a3a0_0 .net "TWOSOUT", 7 0, L_0000022969c4be80;  1 drivers
v0000022969c4b7a0_0 .var "WRITE", 0 0;
v0000022969c4b700_0 .net "WRITEDATA", 7 0, L_0000022969b92bc0;  1 drivers
v0000022969c4b160_0 .var "WRITEENABLE", 0 0;
v0000022969c4b5c0_0 .net "WRITEREG", 2 0, L_0000022969c4a440;  1 drivers
v0000022969c4ab20_0 .net "WRITE_IN_REG", 0 0, L_0000022969b92760;  1 drivers
v0000022969c4b480_0 .net "ZERO", 0 0, v0000022969be7400_0;  1 drivers
v0000022969c4b840_0 .net *"_ivl_1", 7 0, L_0000022969c4a260;  1 drivers
v0000022969c4b200_0 .net *"_ivl_13", 7 0, L_0000022969c4abc0;  1 drivers
v0000022969c4bb60_0 .net *"_ivl_18", 7 0, L_0000022969c4ba20;  1 drivers
L_0000022969c50088 .functor BUFT 1, C4<0000000>, C4<0>, C4<0>, C4<0>;
v0000022969c4b2a0_0 .net *"_ivl_21", 6 0, L_0000022969c50088;  1 drivers
L_0000022969c500d0 .functor BUFT 1, C4<00000000>, C4<0>, C4<0>, C4<0>;
v0000022969c4b8e0_0 .net/2u *"_ivl_22", 7 0, L_0000022969c500d0;  1 drivers
v0000022969c4b980_0 .net *"_ivl_27", 0 0, L_0000022969c4bac0;  1 drivers
v0000022969c4aa80_0 .net *"_ivl_5", 7 0, L_0000022969c4bc00;  1 drivers
v0000022969c4b340_0 .net *"_ivl_9", 7 0, L_0000022969c4a300;  1 drivers
v0000022969c4a8a0_0 .net "isBEQ", 0 0, L_0000022969b92c30;  1 drivers
v0000022969c4b3e0_0 .net "isJ_OR_BEQ", 0 0, L_0000022969b92df0;  1 drivers
E_0000022969bd5040 .event anyedge, v0000022969c487f0_0;
L_0000022969c4a260 .part o0000022969bf0468, 16, 8;
L_0000022969c4a440 .part L_0000022969c4a260, 0, 3;
L_0000022969c4bc00 .part o0000022969bf0468, 16, 8;
L_0000022969c4b520 .part L_0000022969c4bc00, 0, 1;
L_0000022969c4a300 .part o0000022969bf0468, 8, 8;
L_0000022969c4a6c0 .part L_0000022969c4a300, 0, 3;
L_0000022969c4abc0 .part o0000022969bf0468, 0, 8;
L_0000022969c4a580 .part L_0000022969c4abc0, 0, 3;
L_0000022969c4b660 .part o0000022969bf0468, 0, 8;
L_0000022969c4ba20 .concat [ 1 7 0 0], L_0000022969c4b520, L_0000022969c50088;
L_0000022969c4a620 .arith/sum 8, L_0000022969c4ba20, L_0000022969c500d0;
L_0000022969c4bac0 .reduce/nor o0000022969bf0d98;
S_0000022969ba5f70 .scope module, "cpu_alu" "alu" 2 330, 3 47 0, S_0000022969bde9e0;
 .timescale 0 0;
    .port_info 0 /INPUT 8 "DATA1";
    .port_info 1 /INPUT 8 "DATA2";
    .port_info 2 /OUTPUT 8 "RESULT";
    .port_info 3 /INPUT 3 "SELECT";
    .port_info 4 /OUTPUT 1 "ZERO";
v0000022969be7e00_0 .net "ANS_ADD", 7 0, L_0000022969c4bde0;  1 drivers
v0000022969be6640_0 .net "ANS_AND", 7 0, L_0000022969c98230;  1 drivers
v0000022969be7860_0 .net "ANS_FORWARD", 7 0, L_0000022969c98310;  1 drivers
v0000022969be7c20_0 .net "ANS_OR", 7 0, L_0000022969c98700;  1 drivers
v0000022969be6780_0 .net "DATA1", 7 0, L_0000022969c982a0;  alias, 1 drivers
v0000022969be7f40_0 .net "DATA2", 7 0, L_0000022969c984d0;  alias, 1 drivers
v0000022969be7fe0_0 .var "RESULT", 7 0;
v0000022969be7680_0 .net "SELECT", 2 0, v0000022969c498d0_0;  1 drivers
v0000022969be7400_0 .var "ZERO", 0 0;
E_0000022969bd5ac0 .event anyedge, v0000022969be7d60_0;
E_0000022969bd5400 .event anyedge, v0000022969be7fe0_0, v0000022969be7b80_0, v0000022969be79a0_0;
S_0000022969ba6100 .scope module, "f1" "aluFORWARD" 3 58, 3 10 0, S_0000022969ba5f70;
 .timescale 0 0;
    .port_info 0 /INPUT 8 "DATA2";
    .port_info 1 /OUTPUT 8 "RESULT";
L_0000022969c98310/d .functor BUFZ 8, L_0000022969c984d0, C4<00000000>, C4<00000000>, C4<00000000>;
L_0000022969c98310 .delay 8 (1,1,1) L_0000022969c98310/d;
v0000022969be7b80_0 .net "DATA2", 7 0, L_0000022969c984d0;  alias, 1 drivers
v0000022969be72c0_0 .net "RESULT", 7 0, L_0000022969c98310;  alias, 1 drivers
S_0000022969ba9990 .scope module, "f2" "aluADD" 3 59, 3 19 0, S_0000022969ba5f70;
 .timescale 0 0;
    .port_info 0 /INPUT 8 "DATA1";
    .port_info 1 /INPUT 8 "DATA2";
    .port_info 2 /OUTPUT 8 "RESULT";
v0000022969be79a0_0 .net "DATA1", 7 0, L_0000022969c982a0;  alias, 1 drivers
v0000022969be7180_0 .net "DATA2", 7 0, L_0000022969c984d0;  alias, 1 drivers
v0000022969be7d60_0 .net "RESULT", 7 0, L_0000022969c4bde0;  alias, 1 drivers
L_0000022969c4bde0 .delay 8 (2,2,2) L_0000022969c4bde0/d;
L_0000022969c4bde0/d .arith/sum 8, L_0000022969c982a0, L_0000022969c984d0;
S_0000022969ba9b20 .scope module, "f3" "aluAND" 3 60, 3 28 0, S_0000022969ba5f70;
 .timescale 0 0;
    .port_info 0 /INPUT 8 "DATA1";
    .port_info 1 /INPUT 8 "DATA2";
    .port_info 2 /OUTPUT 8 "RESULT";
L_0000022969c98230/d .functor AND 8, L_0000022969c982a0, L_0000022969c984d0, C4<11111111>, C4<11111111>;
L_0000022969c98230 .delay 8 (1,1,1) L_0000022969c98230/d;
v0000022969be8120_0 .net "DATA1", 7 0, L_0000022969c982a0;  alias, 1 drivers
v0000022969be7360_0 .net "DATA2", 7 0, L_0000022969c984d0;  alias, 1 drivers
v0000022969be6c80_0 .net "RESULT", 7 0, L_0000022969c98230;  alias, 1 drivers
S_0000022969ba8120 .scope module, "f4" "aluOR" 3 61, 3 37 0, S_0000022969ba5f70;
 .timescale 0 0;
    .port_info 0 /INPUT 8 "DATA1";
    .port_info 1 /INPUT 8 "DATA2";
    .port_info 2 /OUTPUT 8 "RESULT";
L_0000022969c98700/d .functor OR 8, L_0000022969c982a0, L_0000022969c984d0, C4<00000000>, C4<00000000>;
L_0000022969c98700 .delay 8 (1,1,1) L_0000022969c98700/d;
v0000022969be7900_0 .net "DATA1", 7 0, L_0000022969c982a0;  alias, 1 drivers
v0000022969be7ae0_0 .net "DATA2", 7 0, L_0000022969c984d0;  alias, 1 drivers
v0000022969be6960_0 .net "RESULT", 7 0, L_0000022969c98700;  alias, 1 drivers
S_0000022969ba82b0 .scope module, "cpu_im_mux" "mux" 2 319, 4 10 0, S_0000022969bde9e0;
 .timescale 0 0;
    .port_info 0 /INPUT 8 "IN1";
    .port_info 1 /INPUT 8 "IN2";
    .port_info 2 /INPUT 1 "SELECT";
    .port_info 3 /OUTPUT 8 "OUT";
v0000022969be7cc0_0 .net "IN1", 7 0, L_0000022969b92b50;  alias, 1 drivers
v0000022969be7720_0 .net "IN2", 7 0, L_0000022969c4b660;  alias, 1 drivers
v0000022969be7220_0 .var "OUT", 7 0;
v0000022969be74a0_0 .net "SELECT", 0 0, v0000022969c48110_0;  1 drivers
E_0000022969bd51c0 .event anyedge, v0000022969be74a0_0, v0000022969be7720_0, v0000022969be7cc0_0;
S_0000022969b9be30 .scope module, "cpu_mux32" "mux32" 2 325, 5 9 0, S_0000022969bde9e0;
 .timescale 0 0;
    .port_info 0 /INPUT 32 "IN1";
    .port_info 1 /INPUT 32 "IN2";
    .port_info 2 /OUTPUT 32 "OUT";
    .port_info 3 /INPUT 1 "SELECT";
v0000022969be66e0_0 .net "IN1", 31 0, v0000022969be6dc0_0;  alias, 1 drivers
v0000022969be6fa0_0 .net "IN2", 31 0, v0000022969be7a40_0;  alias, 1 drivers
v0000022969be7ea0_0 .var "OUT", 31 0;
v0000022969be77c0_0 .net "SELECT", 0 0, L_0000022969b92df0;  alias, 1 drivers
E_0000022969bd5500 .event anyedge, v0000022969be77c0_0, v0000022969be6fa0_0, v0000022969be66e0_0;
S_0000022969b9bfc0 .scope module, "cpu_neg_mux" "mux" 2 315, 4 10 0, S_0000022969bde9e0;
 .timescale 0 0;
    .port_info 0 /INPUT 8 "IN1";
    .port_info 1 /INPUT 8 "IN2";
    .port_info 2 /INPUT 1 "SELECT";
    .port_info 3 /OUTPUT 8 "OUT";
v0000022969be6280_0 .net "IN1", 7 0, L_0000022969b92290;  alias, 1 drivers
v0000022969be8080_0 .net "IN2", 7 0, L_0000022969c4be80;  alias, 1 drivers
v0000022969be6820_0 .var "OUT", 7 0;
v0000022969be65a0_0 .net "SELECT", 0 0, v0000022969c49a10_0;  1 drivers
E_0000022969bd7040 .event anyedge, v0000022969be65a0_0, v0000022969be8080_0, v0000022969be6280_0;
S_0000022969baba10 .scope module, "cpu_pc_add" "pc_add" 2 102, 6 10 0, S_0000022969bde9e0;
 .timescale 0 0;
    .port_info 0 /INPUT 32 "PC";
    .port_info 1 /OUTPUT 32 "PCADDED";
v0000022969be7540_0 .net "PC", 31 0, v0000022969c48f70_0;  1 drivers
v0000022969be6dc0_0 .var "PCADDED", 31 0;
E_0000022969bd7ac0 .event anyedge, v0000022969be7540_0;
S_0000022969babba0 .scope module, "cpu_pc_add_j_beq" "pc_add_j_beq" 2 111, 7 10 0, S_0000022969bde9e0;
 .timescale 0 0;
    .port_info 0 /INPUT 32 "PC";
    .port_info 1 /INPUT 32 "INSTRUCTION";
    .port_info 2 /INPUT 32 "OFFSET";
    .port_info 3 /OUTPUT 32 "PCADDED";
v0000022969be6a00_0 .net "INSTRUCTION", 31 0, o0000022969bf0468;  alias, 0 drivers
v0000022969be6320_0 .net "OFFSET", 31 0, v0000022969c49b50_0;  alias, 1 drivers
v0000022969be75e0_0 .net "PC", 31 0, v0000022969be6dc0_0;  alias, 1 drivers
v0000022969be7a40_0 .var "PCADDED", 31 0;
E_0000022969bd7dc0 .event anyedge, v0000022969be6a00_0;
S_0000022969ba78c0 .scope module, "cpu_reg_file" "reg_file" 2 306, 8 10 0, S_0000022969bde9e0;
 .timescale 0 0;
    .port_info 0 /INPUT 8 "IN";
    .port_info 1 /OUTPUT 8 "OUT1";
    .port_info 2 /OUTPUT 8 "OUT2";
    .port_info 3 /INPUT 3 "INADDRESS";
    .port_info 4 /INPUT 3 "OUT1ADDRESS";
    .port_info 5 /INPUT 3 "OUT2ADDRESS";
    .port_info 6 /INPUT 1 "WRITE";
    .port_info 7 /INPUT 1 "CLK";
    .port_info 8 /INPUT 1 "RESET";
L_0000022969b921b0/d .functor BUFZ 8, L_0000022969c4a4e0, C4<00000000>, C4<00000000>, C4<00000000>;
L_0000022969b921b0 .delay 8 (2,2,2) L_0000022969b921b0/d;
L_0000022969b92a00/d .functor BUFZ 8, L_0000022969c4bca0, C4<00000000>, C4<00000000>, C4<00000000>;
L_0000022969b92a00 .delay 8 (2,2,2) L_0000022969b92a00/d;
v0000022969be6460_0 .net "CLK", 0 0, o0000022969bf0588;  alias, 0 drivers
v0000022969be6500_0 .net "IN", 7 0, v0000022969c482f0_0;  alias, 1 drivers
v0000022969be6aa0_0 .net "INADDRESS", 2 0, L_0000022969c4a440;  alias, 1 drivers
v0000022969be6b40_0 .net "OUT1", 7 0, L_0000022969b921b0;  alias, 1 drivers
v0000022969be6be0_0 .net "OUT1ADDRESS", 2 0, L_0000022969c4a6c0;  alias, 1 drivers
v0000022969be6d20_0 .net "OUT2", 7 0, L_0000022969b92a00;  alias, 1 drivers
v0000022969be6e60_0 .net "OUT2ADDRESS", 2 0, L_0000022969c4a580;  alias, 1 drivers
v0000022969be6f00 .array "REGISTER", 7 0, 7 0;
v0000022969be7040_0 .net "RESET", 0 0, o0000022969bf06d8;  alias, 0 drivers
v0000022969be70e0_0 .net "WRITE", 0 0, L_0000022969b92760;  alias, 1 drivers
v0000022969c489d0_0 .net *"_ivl_0", 7 0, L_0000022969c4a4e0;  1 drivers
v0000022969c48750_0 .net *"_ivl_10", 4 0, L_0000022969c4bd40;  1 drivers
L_0000022969c50160 .functor BUFT 1, C4<00>, C4<0>, C4<0>, C4<0>;
v0000022969c48b10_0 .net *"_ivl_13", 1 0, L_0000022969c50160;  1 drivers
v0000022969c48250_0 .net *"_ivl_2", 4 0, L_0000022969c4a9e0;  1 drivers
L_0000022969c50118 .functor BUFT 1, C4<00>, C4<0>, C4<0>, C4<0>;
v0000022969c49790_0 .net *"_ivl_5", 1 0, L_0000022969c50118;  1 drivers
v0000022969c493d0_0 .net *"_ivl_8", 7 0, L_0000022969c4bca0;  1 drivers
v0000022969c48070_0 .var/i "i", 31 0;
E_0000022969bd7a40 .event posedge, v0000022969be6460_0;
L_0000022969c4a4e0 .array/port v0000022969be6f00, L_0000022969c4a9e0;
L_0000022969c4a9e0 .concat [ 3 2 0 0], L_0000022969c4a6c0, L_0000022969c50118;
L_0000022969c4bca0 .array/port v0000022969be6f00, L_0000022969c4bd40;
L_0000022969c4bd40 .concat [ 3 2 0 0], L_0000022969c4a580, L_0000022969c50160;
S_0000022969ba7a50 .scope module, "cpu_shift" "shift" 2 108, 9 9 0, S_0000022969bde9e0;
 .timescale 0 0;
    .port_info 0 /INPUT 32 "OFFSET";
    .port_info 1 /OUTPUT 32 "SHIFTED_OFFSET";
v0000022969c49510_0 .net "OFFSET", 31 0, v0000022969c495b0_0;  alias, 1 drivers
v0000022969c49b50_0 .var "SHIFTED_OFFSET", 31 0;
E_0000022969bd7740 .event anyedge, v0000022969c49510_0;
S_0000022969bae7c0 .scope module, "cpu_sign_extend" "sign_extend" 2 105, 10 9 0, S_0000022969bde9e0;
 .timescale 0 0;
    .port_info 0 /INPUT 8 "IN";
    .port_info 1 /OUTPUT 32 "OUT";
v0000022969c48d90_0 .net "IN", 7 0, L_0000022969c4a620;  1 drivers
v0000022969c495b0_0 .var "OUT", 31 0;
E_0000022969bd7cc0 .event anyedge, v0000022969c48d90_0;
S_0000022969bae950 .scope module, "cpu_tc" "twos_compliment" 2 311, 11 9 0, S_0000022969bde9e0;
 .timescale 0 0;
    .port_info 0 /INPUT 8 "IN";
    .port_info 1 /OUTPUT 8 "OUT";
L_0000022969b92a70 .functor NOT 8, L_0000022969b92a00, C4<00000000>, C4<00000000>, C4<00000000>;
v0000022969c48e30_0 .net "IN", 7 0, L_0000022969b92a00;  alias, 1 drivers
v0000022969c49e70_0 .net "OUT", 7 0, L_0000022969c4be80;  alias, 1 drivers
v0000022969c49c90_0 .net *"_ivl_0", 7 0, L_0000022969b92a70;  1 drivers
L_0000022969c501a8 .functor BUFT 1, C4<00000001>, C4<0>, C4<0>, C4<0>;
v0000022969c49dd0_0 .net/2u *"_ivl_2", 7 0, L_0000022969c501a8;  1 drivers
L_0000022969c4be80 .delay 8 (1,1,1) L_0000022969c4be80/d;
L_0000022969c4be80/d .arith/sum 8, L_0000022969b92a70, L_0000022969c501a8;
S_0000022969ba2990 .scope module, "data_mem_mux" "mux" 2 333, 4 10 0, S_0000022969bde9e0;
 .timescale 0 0;
    .port_info 0 /INPUT 8 "IN1";
    .port_info 1 /INPUT 8 "IN2";
    .port_info 2 /INPUT 1 "SELECT";
    .port_info 3 /OUTPUT 8 "OUT";
v0000022969c49650_0 .net "IN1", 7 0, v0000022969be7fe0_0;  alias, 1 drivers
v0000022969c496f0_0 .net "IN2", 7 0, o0000022969bf0c18;  alias, 0 drivers
v0000022969c482f0_0 .var "OUT", 7 0;
v0000022969c48390_0 .net "SELECT", 0 0, v0000022969c48930_0;  1 drivers
E_0000022969bd7700 .event anyedge, v0000022969c48390_0, v0000022969c496f0_0, v0000022969be7fe0_0;
    .scope S_0000022969baba10;
T_0 ;
    %wait E_0000022969bd7ac0;
    %delay 1, 0;
    %load/vec4 v0000022969be7540_0;
    %addi 4, 0, 32;
    %store/vec4 v0000022969be6dc0_0, 0, 32;
    %jmp T_0;
    .thread T_0, $push;
    .scope S_0000022969bae7c0;
T_1 ;
    %wait E_0000022969bd7cc0;
    %load/vec4 v0000022969c48d90_0;
    %parti/s 1, 7, 4;
    %replicate 24;
    %load/vec4 v0000022969c48d90_0;
    %concat/vec4; draw_concat_vec4
    %store/vec4 v0000022969c495b0_0, 0, 32;
    %jmp T_1;
    .thread T_1, $push;
    .scope S_0000022969ba7a50;
T_2 ;
    %wait E_0000022969bd7740;
    %load/vec4 v0000022969c49510_0;
    %ix/load 4, 2, 0;
    %flag_set/imm 4, 0;
    %shiftl 4;
    %store/vec4 v0000022969c49b50_0, 0, 32;
    %jmp T_2;
    .thread T_2, $push;
    .scope S_0000022969babba0;
T_3 ;
    %wait E_0000022969bd7dc0;
    %delay 2, 0;
    %load/vec4 v0000022969be75e0_0;
    %load/vec4 v0000022969be6320_0;
    %add;
    %store/vec4 v0000022969be7a40_0, 0, 32;
    %jmp T_3;
    .thread T_3, $push;
    .scope S_0000022969ba78c0;
T_4 ;
    %wait E_0000022969bd7a40;
    %load/vec4 v0000022969be7040_0;
    %flag_set/vec4 8;
    %jmp/0xz  T_4.0, 8;
    %delay 1, 0;
    %pushi/vec4 0, 0, 32;
    %store/vec4 v0000022969c48070_0, 0, 32;
T_4.2 ;
    %load/vec4 v0000022969c48070_0;
    %cmpi/s 8, 0, 32;
    %jmp/0xz T_4.3, 5;
    %pushi/vec4 0, 0, 8;
    %ix/getv/s 3, v0000022969c48070_0;
    %ix/load 4, 0, 0; Constant delay
    %assign/vec4/a/d v0000022969be6f00, 0, 4;
    %load/vec4 v0000022969c48070_0;
    %addi 1, 0, 32;
    %store/vec4 v0000022969c48070_0, 0, 32;
    %jmp T_4.2;
T_4.3 ;
    %jmp T_4.1;
T_4.0 ;
    %load/vec4 v0000022969be70e0_0;
    %flag_set/vec4 8;
    %jmp/0xz  T_4.4, 8;
    %delay 1, 0;
    %load/vec4 v0000022969be6500_0;
    %load/vec4 v0000022969be6aa0_0;
    %pad/u 5;
    %ix/vec4 3;
    %ix/load 4, 0, 0; Constant delay
    %assign/vec4/a/d v0000022969be6f00, 0, 4;
T_4.4 ;
T_4.1 ;
    %jmp T_4;
    .thread T_4;
    .scope S_0000022969ba78c0;
T_5 ;
    %delay 5, 0;
    %vpi_call 8 88 "$display", "\011\011 TIME \011 R0 \011 R1 \011 R2 \011 R3 \011 R4 \011 R5 \011 R6 \011 R7" {0 0 0};
    %vpi_call 8 89 "$monitor", $time, "\011%d\011%d\011%d\011%d\011%d\011%d\011%d\011%d", &A<v0000022969be6f00, 0>, &A<v0000022969be6f00, 1>, &A<v0000022969be6f00, 2>, &A<v0000022969be6f00, 3>, &A<v0000022969be6f00, 4>, &A<v0000022969be6f00, 5>, &A<v0000022969be6f00, 6>, &A<v0000022969be6f00, 7> {0 0 0};
    %end;
    .thread T_5;
    .scope S_0000022969b9bfc0;
T_6 ;
    %wait E_0000022969bd7040;
    %load/vec4 v0000022969be65a0_0;
    %cmpi/e 0, 0, 1;
    %jmp/0xz  T_6.0, 4;
    %load/vec4 v0000022969be6280_0;
    %cassign/vec4 v0000022969be6820_0;
    %cassign/link v0000022969be6820_0, v0000022969be6280_0;
    %jmp T_6.1;
T_6.0 ;
    %load/vec4 v0000022969be8080_0;
    %cassign/vec4 v0000022969be6820_0;
    %cassign/link v0000022969be6820_0, v0000022969be8080_0;
T_6.1 ;
    %jmp T_6;
    .thread T_6, $push;
    .scope S_0000022969ba82b0;
T_7 ;
    %wait E_0000022969bd51c0;
    %load/vec4 v0000022969be74a0_0;
    %cmpi/e 0, 0, 1;
    %jmp/0xz  T_7.0, 4;
    %load/vec4 v0000022969be7cc0_0;
    %cassign/vec4 v0000022969be7220_0;
    %cassign/link v0000022969be7220_0, v0000022969be7cc0_0;
    %jmp T_7.1;
T_7.0 ;
    %load/vec4 v0000022969be7720_0;
    %cassign/vec4 v0000022969be7220_0;
    %cassign/link v0000022969be7220_0, v0000022969be7720_0;
T_7.1 ;
    %jmp T_7;
    .thread T_7, $push;
    .scope S_0000022969b9be30;
T_8 ;
    %wait E_0000022969bd5500;
    %load/vec4 v0000022969be77c0_0;
    %flag_set/vec4 8;
    %jmp/0xz  T_8.0, 8;
    %load/vec4 v0000022969be6fa0_0;
    %store/vec4 v0000022969be7ea0_0, 0, 32;
    %jmp T_8.1;
T_8.0 ;
    %load/vec4 v0000022969be66e0_0;
    %store/vec4 v0000022969be7ea0_0, 0, 32;
T_8.1 ;
    %jmp T_8;
    .thread T_8, $push;
    .scope S_0000022969ba5f70;
T_9 ;
    %wait E_0000022969bd5400;
    %load/vec4 v0000022969be7680_0;
    %dup/vec4;
    %pushi/vec4 0, 0, 3;
    %cmp/u;
    %jmp/1 T_9.0, 6;
    %dup/vec4;
    %pushi/vec4 1, 0, 3;
    %cmp/u;
    %jmp/1 T_9.1, 6;
    %dup/vec4;
    %pushi/vec4 2, 0, 3;
    %cmp/u;
    %jmp/1 T_9.2, 6;
    %dup/vec4;
    %pushi/vec4 3, 0, 3;
    %cmp/u;
    %jmp/1 T_9.3, 6;
    %pushi/vec4 255, 255, 8;
    %store/vec4 v0000022969be7fe0_0, 0, 8;
    %jmp T_9.5;
T_9.0 ;
    %load/vec4 v0000022969be7860_0;
    %cassign/vec4 v0000022969be7fe0_0;
    %cassign/link v0000022969be7fe0_0, v0000022969be7860_0;
    %jmp T_9.5;
T_9.1 ;
    %load/vec4 v0000022969be7e00_0;
    %cassign/vec4 v0000022969be7fe0_0;
    %cassign/link v0000022969be7fe0_0, v0000022969be7e00_0;
    %jmp T_9.5;
T_9.2 ;
    %load/vec4 v0000022969be6640_0;
    %cassign/vec4 v0000022969be7fe0_0;
    %cassign/link v0000022969be7fe0_0, v0000022969be6640_0;
    %jmp T_9.5;
T_9.3 ;
    %load/vec4 v0000022969be7c20_0;
    %cassign/vec4 v0000022969be7fe0_0;
    %cassign/link v0000022969be7fe0_0, v0000022969be7c20_0;
    %jmp T_9.5;
T_9.5 ;
    %pop/vec4 1;
    %jmp T_9;
    .thread T_9, $push;
    .scope S_0000022969ba5f70;
T_10 ;
    %wait E_0000022969bd5ac0;
    %load/vec4 v0000022969be7e00_0;
    %cmpi/e 0, 0, 8;
    %jmp/0xz  T_10.0, 4;
    %pushi/vec4 1, 0, 1;
    %store/vec4 v0000022969be7400_0, 0, 1;
    %jmp T_10.1;
T_10.0 ;
    %pushi/vec4 0, 0, 1;
    %store/vec4 v0000022969be7400_0, 0, 1;
T_10.1 ;
    %jmp T_10;
    .thread T_10, $push;
    .scope S_0000022969ba2990;
T_11 ;
    %wait E_0000022969bd7700;
    %load/vec4 v0000022969c48390_0;
    %cmpi/e 0, 0, 1;
    %jmp/0xz  T_11.0, 4;
    %load/vec4 v0000022969c49650_0;
    %cassign/vec4 v0000022969c482f0_0;
    %cassign/link v0000022969c482f0_0, v0000022969c49650_0;
    %jmp T_11.1;
T_11.0 ;
    %load/vec4 v0000022969c496f0_0;
    %cassign/vec4 v0000022969c482f0_0;
    %cassign/link v0000022969c482f0_0, v0000022969c496f0_0;
T_11.1 ;
    %jmp T_11;
    .thread T_11, $push;
    .scope S_0000022969bde9e0;
T_12 ;
    %wait E_0000022969bd7a40;
    %load/vec4 v0000022969c4a1c0_0;
    %cmpi/e 1, 0, 1;
    %jmp/0xz  T_12.0, 4;
    %delay 1, 0;
    %pushi/vec4 0, 0, 32;
    %store/vec4 v0000022969c48f70_0, 0, 32;
T_12.0 ;
    %jmp T_12;
    .thread T_12;
    .scope S_0000022969bde9e0;
T_13 ;
    %wait E_0000022969bd7a40;
    %load/vec4 v0000022969c487f0_0;
    %nor/r;
    %flag_set/vec4 8;
    %jmp/0xz  T_13.0, 8;
    %delay 1, 0;
    %load/vec4 v0000022969c490b0_0;
    %store/vec4 v0000022969c48f70_0, 0, 32;
T_13.0 ;
    %jmp T_13;
    .thread T_13;
    .scope S_0000022969bde9e0;
T_14 ;
    %wait E_0000022969bd5040;
    %load/vec4 v0000022969c487f0_0;
    %nor/r;
    %flag_set/vec4 8;
    %jmp/0xz  T_14.0, 8;
    %pushi/vec4 0, 0, 1;
    %store/vec4 v0000022969c49ab0_0, 0, 1;
    %pushi/vec4 0, 0, 1;
    %store/vec4 v0000022969c4b7a0_0, 0, 1;
T_14.0 ;
    %jmp T_14;
    .thread T_14, $push;
    .scope S_0000022969bde9e0;
T_15 ;
    %wait E_0000022969bd7dc0;
    %load/vec4 v0000022969c49d30_0;
    %parti/s 8, 24, 6;
    %store/vec4 v0000022969c49830_0, 0, 8;
    %delay 1, 0;
    %load/vec4 v0000022969c49830_0;
    %dup/vec4;
    %pushi/vec4 0, 0, 8;
    %cmp/u;
    %jmp/1 T_15.0, 6;
    %dup/vec4;
    %pushi/vec4 1, 0, 8;
    %cmp/u;
    %jmp/1 T_15.1, 6;
    %dup/vec4;
    %pushi/vec4 2, 0, 8;
    %cmp/u;
    %jmp/1 T_15.2, 6;
    %dup/vec4;
    %pushi/vec4 3, 0, 8;
    %cmp/u;
    %jmp/1 T_15.3, 6;
    %dup/vec4;
    %pushi/vec4 4, 0, 8;
    %cmp/u;
    %jmp/1 T_15.4, 6;
    %dup/vec4;
    %pushi/vec4 5, 0, 8;
    %cmp/u;
    %jmp/1 T_15.5, 6;
    %dup/vec4;
    %pushi/vec4 6, 0, 8;
    %cmp/u;
    %jmp/1 T_15.6, 6;
    %dup/vec4;
    %pushi/vec4 7, 0, 8;
    %cmp/u;
    %jmp/1 T_15.7, 6;
    %dup/vec4;
    %pushi/vec4 8, 0, 8;
    %cmp/u;
    %jmp/1 T_15.8, 6;
    %dup/vec4;
    %pushi/vec4 8, 0, 8;
    %cmp/u;
    %jmp/1 T_15.9, 6;
    %dup/vec4;
    %pushi/vec4 8, 0, 8;
    %cmp/u;
    %jmp/1 T_15.10, 6;
    %dup/vec4;
    %pushi/vec4 8, 0, 8;
    %cmp/u;
    %jmp/1 T_15.11, 6;
    %jmp T_15.12;
T_15.0 ;
    %pushi/vec4 0, 0, 3;
    %store/vec4 v0000022969c498d0_0, 0, 3;
    %pushi/vec4 1, 0, 1;
    %store/vec4 v0000022969c48110_0, 0, 1;
    %pushi/vec4 0, 0, 1;
    %store/vec4 v0000022969c49a10_0, 0, 1;
    %pushi/vec4 1, 0, 1;
    %store/vec4 v0000022969c4b160_0, 0, 1;
    %pushi/vec4 0, 0, 1;
    %store/vec4 v0000022969c48ed0_0, 0, 1;
    %pushi/vec4 0, 0, 1;
    %store/vec4 v0000022969c49f10_0, 0, 1;
    %pushi/vec4 0, 0, 1;
    %store/vec4 v0000022969c49ab0_0, 0, 1;
    %pushi/vec4 0, 0, 1;
    %store/vec4 v0000022969c4b7a0_0, 0, 1;
    %pushi/vec4 0, 0, 1;
    %store/vec4 v0000022969c48930_0, 0, 1;
    %jmp T_15.12;
T_15.1 ;
    %pushi/vec4 0, 0, 3;
    %store/vec4 v0000022969c498d0_0, 0, 3;
    %pushi/vec4 0, 0, 1;
    %store/vec4 v0000022969c48110_0, 0, 1;
    %pushi/vec4 0, 0, 1;
    %store/vec4 v0000022969c49a10_0, 0, 1;
    %pushi/vec4 1, 0, 1;
    %store/vec4 v0000022969c4b160_0, 0, 1;
    %pushi/vec4 0, 0, 1;
    %store/vec4 v0000022969c48ed0_0, 0, 1;
    %pushi/vec4 0, 0, 1;
    %store/vec4 v0000022969c49f10_0, 0, 1;
    %pushi/vec4 0, 0, 1;
    %store/vec4 v0000022969c49ab0_0, 0, 1;
    %pushi/vec4 0, 0, 1;
    %store/vec4 v0000022969c4b7a0_0, 0, 1;
    %pushi/vec4 0, 0, 1;
    %store/vec4 v0000022969c48930_0, 0, 1;
    %jmp T_15.12;
T_15.2 ;
    %pushi/vec4 1, 0, 3;
    %store/vec4 v0000022969c498d0_0, 0, 3;
    %pushi/vec4 0, 0, 1;
    %store/vec4 v0000022969c48110_0, 0, 1;
    %pushi/vec4 0, 0, 1;
    %store/vec4 v0000022969c49a10_0, 0, 1;
    %pushi/vec4 1, 0, 1;
    %store/vec4 v0000022969c4b160_0, 0, 1;
    %pushi/vec4 0, 0, 1;
    %store/vec4 v0000022969c48ed0_0, 0, 1;
    %pushi/vec4 0, 0, 1;
    %store/vec4 v0000022969c49f10_0, 0, 1;
    %pushi/vec4 0, 0, 1;
    %store/vec4 v0000022969c49ab0_0, 0, 1;
    %pushi/vec4 0, 0, 1;
    %store/vec4 v0000022969c4b7a0_0, 0, 1;
    %pushi/vec4 0, 0, 1;
    %store/vec4 v0000022969c48930_0, 0, 1;
    %jmp T_15.12;
T_15.3 ;
    %pushi/vec4 1, 0, 3;
    %store/vec4 v0000022969c498d0_0, 0, 3;
    %pushi/vec4 0, 0, 1;
    %store/vec4 v0000022969c48110_0, 0, 1;
    %pushi/vec4 1, 0, 1;
    %store/vec4 v0000022969c49a10_0, 0, 1;
    %pushi/vec4 1, 0, 1;
    %store/vec4 v0000022969c4b160_0, 0, 1;
    %pushi/vec4 0, 0, 1;
    %store/vec4 v0000022969c48ed0_0, 0, 1;
    %pushi/vec4 0, 0, 1;
    %store/vec4 v0000022969c49f10_0, 0, 1;
    %pushi/vec4 0, 0, 1;
    %store/vec4 v0000022969c49ab0_0, 0, 1;
    %pushi/vec4 0, 0, 1;
    %store/vec4 v0000022969c4b7a0_0, 0, 1;
    %pushi/vec4 0, 0, 1;
    %store/vec4 v0000022969c48930_0, 0, 1;
    %jmp T_15.12;
T_15.4 ;
    %pushi/vec4 2, 0, 3;
    %store/vec4 v0000022969c498d0_0, 0, 3;
    %pushi/vec4 0, 0, 1;
    %store/vec4 v0000022969c48110_0, 0, 1;
    %pushi/vec4 0, 0, 1;
    %store/vec4 v0000022969c49a10_0, 0, 1;
    %pushi/vec4 1, 0, 1;
    %store/vec4 v0000022969c4b160_0, 0, 1;
    %pushi/vec4 0, 0, 1;
    %store/vec4 v0000022969c48ed0_0, 0, 1;
    %pushi/vec4 0, 0, 1;
    %store/vec4 v0000022969c49f10_0, 0, 1;
    %pushi/vec4 0, 0, 1;
    %store/vec4 v0000022969c49ab0_0, 0, 1;
    %pushi/vec4 0, 0, 1;
    %store/vec4 v0000022969c4b7a0_0, 0, 1;
    %pushi/vec4 0, 0, 1;
    %store/vec4 v0000022969c48930_0, 0, 1;
    %jmp T_15.12;
T_15.5 ;
    %pushi/vec4 3, 0, 3;
    %store/vec4 v0000022969c498d0_0, 0, 3;
    %pushi/vec4 0, 0, 1;
    %store/vec4 v0000022969c48110_0, 0, 1;
    %pushi/vec4 0, 0, 1;
    %store/vec4 v0000022969c49a10_0, 0, 1;
    %pushi/vec4 1, 0, 1;
    %store/vec4 v0000022969c4b160_0, 0, 1;
    %pushi/vec4 0, 0, 1;
    %store/vec4 v0000022969c48ed0_0, 0, 1;
    %pushi/vec4 0, 0, 1;
    %store/vec4 v0000022969c49f10_0, 0, 1;
    %pushi/vec4 0, 0, 1;
    %store/vec4 v0000022969c49ab0_0, 0, 1;
    %pushi/vec4 0, 0, 1;
    %store/vec4 v0000022969c4b7a0_0, 0, 1;
    %pushi/vec4 0, 0, 1;
    %store/vec4 v0000022969c48930_0, 0, 1;
    %jmp T_15.12;
T_15.6 ;
    %pushi/vec4 0, 0, 1;
    %store/vec4 v0000022969c48110_0, 0, 1;
    %pushi/vec4 0, 0, 1;
    %store/vec4 v0000022969c49a10_0, 0, 1;
    %pushi/vec4 0, 0, 1;
    %store/vec4 v0000022969c4b160_0, 0, 1;
    %pushi/vec4 1, 0, 1;
    %store/vec4 v0000022969c48ed0_0, 0, 1;
    %pushi/vec4 0, 0, 1;
    %store/vec4 v0000022969c49f10_0, 0, 1;
    %pushi/vec4 0, 0, 1;
    %store/vec4 v0000022969c49ab0_0, 0, 1;
    %pushi/vec4 0, 0, 1;
    %store/vec4 v0000022969c4b7a0_0, 0, 1;
    %pushi/vec4 0, 0, 1;
    %store/vec4 v0000022969c48930_0, 0, 1;
    %jmp T_15.12;
T_15.7 ;
    %pushi/vec4 1, 0, 3;
    %store/vec4 v0000022969c498d0_0, 0, 3;
    %pushi/vec4 0, 0, 1;
    %store/vec4 v0000022969c48110_0, 0, 1;
    %pushi/vec4 1, 0, 1;
    %store/vec4 v0000022969c49a10_0, 0, 1;
    %pushi/vec4 0, 0, 1;
    %store/vec4 v0000022969c4b160_0, 0, 1;
    %pushi/vec4 0, 0, 1;
    %store/vec4 v0000022969c48ed0_0, 0, 1;
    %pushi/vec4 1, 0, 1;
    %store/vec4 v0000022969c49f10_0, 0, 1;
    %pushi/vec4 0, 0, 1;
    %store/vec4 v0000022969c49ab0_0, 0, 1;
    %pushi/vec4 0, 0, 1;
    %store/vec4 v0000022969c4b7a0_0, 0, 1;
    %pushi/vec4 0, 0, 1;
    %store/vec4 v0000022969c48930_0, 0, 1;
    %jmp T_15.12;
T_15.8 ;
    %pushi/vec4 0, 0, 3;
    %store/vec4 v0000022969c498d0_0, 0, 3;
    %pushi/vec4 0, 0, 1;
    %store/vec4 v0000022969c48110_0, 0, 1;
    %pushi/vec4 0, 0, 1;
    %store/vec4 v0000022969c49a10_0, 0, 1;
    %pushi/vec4 1, 0, 1;
    %store/vec4 v0000022969c4b160_0, 0, 1;
    %pushi/vec4 0, 0, 1;
    %store/vec4 v0000022969c48ed0_0, 0, 1;
    %pushi/vec4 0, 0, 1;
    %store/vec4 v0000022969c49f10_0, 0, 1;
    %pushi/vec4 1, 0, 1;
    %store/vec4 v0000022969c49ab0_0, 0, 1;
    %pushi/vec4 0, 0, 1;
    %store/vec4 v0000022969c4b7a0_0, 0, 1;
    %pushi/vec4 1, 0, 1;
    %store/vec4 v0000022969c48930_0, 0, 1;
    %jmp T_15.12;
T_15.9 ;
    %pushi/vec4 0, 0, 3;
    %store/vec4 v0000022969c498d0_0, 0, 3;
    %pushi/vec4 0, 0, 1;
    %store/vec4 v0000022969c48110_0, 0, 1;
    %pushi/vec4 0, 0, 1;
    %store/vec4 v0000022969c49a10_0, 0, 1;
    %pushi/vec4 1, 0, 1;
    %store/vec4 v0000022969c4b160_0, 0, 1;
    %pushi/vec4 0, 0, 1;
    %store/vec4 v0000022969c48ed0_0, 0, 1;
    %pushi/vec4 0, 0, 1;
    %store/vec4 v0000022969c49f10_0, 0, 1;
    %pushi/vec4 1, 0, 1;
    %store/vec4 v0000022969c49ab0_0, 0, 1;
    %pushi/vec4 0, 0, 1;
    %store/vec4 v0000022969c4b7a0_0, 0, 1;
    %pushi/vec4 1, 0, 1;
    %store/vec4 v0000022969c48930_0, 0, 1;
    %jmp T_15.12;
T_15.10 ;
    %pushi/vec4 0, 0, 3;
    %store/vec4 v0000022969c498d0_0, 0, 3;
    %pushi/vec4 0, 0, 1;
    %store/vec4 v0000022969c48110_0, 0, 1;
    %pushi/vec4 0, 0, 1;
    %store/vec4 v0000022969c49a10_0, 0, 1;
    %pushi/vec4 1, 0, 1;
    %store/vec4 v0000022969c4b160_0, 0, 1;
    %pushi/vec4 0, 0, 1;
    %store/vec4 v0000022969c48ed0_0, 0, 1;
    %pushi/vec4 0, 0, 1;
    %store/vec4 v0000022969c49f10_0, 0, 1;
    %pushi/vec4 0, 0, 1;
    %store/vec4 v0000022969c49ab0_0, 0, 1;
    %pushi/vec4 1, 0, 1;
    %store/vec4 v0000022969c4b7a0_0, 0, 1;
    %pushi/vec4 0, 0, 1;
    %store/vec4 v0000022969c48930_0, 0, 1;
    %jmp T_15.12;
T_15.11 ;
    %pushi/vec4 0, 0, 3;
    %store/vec4 v0000022969c498d0_0, 0, 3;
    %pushi/vec4 0, 0, 1;
    %store/vec4 v0000022969c48110_0, 0, 1;
    %pushi/vec4 0, 0, 1;
    %store/vec4 v0000022969c49a10_0, 0, 1;
    %pushi/vec4 1, 0, 1;
    %store/vec4 v0000022969c4b160_0, 0, 1;
    %pushi/vec4 0, 0, 1;
    %store/vec4 v0000022969c48ed0_0, 0, 1;
    %pushi/vec4 0, 0, 1;
    %store/vec4 v0000022969c49f10_0, 0, 1;
    %pushi/vec4 0, 0, 1;
    %store/vec4 v0000022969c49ab0_0, 0, 1;
    %pushi/vec4 1, 0, 1;
    %store/vec4 v0000022969c4b7a0_0, 0, 1;
    %pushi/vec4 0, 0, 1;
    %store/vec4 v0000022969c48930_0, 0, 1;
    %jmp T_15.12;
T_15.12 ;
    %pop/vec4 1;
    %jmp T_15;
    .thread T_15, $push;
# The file index is used to find the file name in the following table.
:file_names 12;
    "N/A";
    "<interactive>";
    "cpu.v";
    "./alu.v";
    "./mux.v";
    "./mux32.v";
    "./pc_add.v";
    "./pc_add_j_beq.v";
    "./reg_file.v";
    "./shift.v";
    "./sign_extend.v";
    "./twos_compliment.v";
